<?xml version="1.0" encoding="UTF-8"?>
<!-- Generated by org.testng.reporters.JUnitReportReporter -->
<testsuite skipped="0" hostname="LAPTOP-LTGPRAB1" name="com.sgtesting.restApi.CreateUserPojoEXE" tests="1" failures="0" timestamp="2022-09-13T14:56:34 IST" time="2.664" errors="0">
  <testcase name="createuser" time="2.664" classname="com.sgtesting.restApi.CreateUserPojoEXE"/>
  <system-out/>
</testsuite> <!-- com.sgtesting.restApi.CreateUserPojoEXE -->
