<?xml version="1.0" encoding="UTF-8"?>
<!-- Generated by org.testng.reporters.JUnitReportReporter -->
<testsuite hostname="DESKTOP-OR3C3K7" failures="0" tests="3" name="com.sgtesting.restApi.ArraySize" time="6.172" errors="0" timestamp="2022-09-19T15:38:27 IST" skipped="0">
  <testcase classname="com.sgtesting.restApi.ArraySize" name="signin" time="3.605"/>
  <system-out/>
  <testcase classname="com.sgtesting.restApi.ArraySize" name="createcompany" time="1.177"/>
  <system-out/>
  <testcase classname="com.sgtesting.restApi.ArraySize" name="getc" time="1.390"/>
  <system-out/>
</testsuite> <!-- com.sgtesting.restApi.ArraySize -->
