<?xml version="1.0" encoding="UTF-8"?>
<!-- Generated by org.testng.reporters.JUnitReportReporter -->
<testsuite hostname="DESKTOP-OR3C3K7" failures="0" tests="7" name="com.sgtesting.restApi.UserScenari" time="11.698" errors="0" timestamp="2022-09-14T03:37:46 GMT-07:00" skipped="0">
  <testcase classname="com.sgtesting.restApi.UserScenari" name="post" time="2.941"/>
  <system-out/>
  <testcase classname="com.sgtesting.restApi.UserScenari" name="put" time="0.763"/>
  <system-out/>
  <testcase classname="com.sgtesting.restApi.UserScenari" name="getuser" time="0.937"/>
  <system-out/>
  <testcase classname="com.sgtesting.restApi.UserScenari" name="signin" time="1.923"/>
  <system-out/>
  <testcase classname="com.sgtesting.restApi.UserScenari" name="createcompany" time="2.081"/>
  <system-out/>
  <testcase classname="com.sgtesting.restApi.UserScenari" name="getcompany" time="1.554"/>
  <system-out/>
  <testcase classname="com.sgtesting.restApi.UserScenari" name="deletecompany" time="1.499"/>
  <system-out/>
</testsuite> <!-- com.sgtesting.restApi.UserScenari -->
