<?xml version="1.0" encoding="UTF-8"?>
<!-- Generated by org.testng.reporters.JUnitReportReporter -->
<testsuite hostname="DESKTOP-OR3C3K7" failures="0" tests="4" name="com.sgtesting.PracticeAPI.Demo1" time="4.425" errors="0" timestamp="2022-09-17T12:22:42 IST" skipped="3">
  <testcase classname="com.sgtesting.PracticeAPI.Demo1" name="getCountry" time="4.425"/>
  <system-out/>
  <testcase classname="com.sgtesting.PracticeAPI.Demo1" name="getActivities">
    <skipped/>
  </testcase> <!-- getActivities -->
  <system-out/>
  <testcase classname="com.sgtesting.PracticeAPI.Demo1" name="create">
    <skipped/>
  </testcase> <!-- create -->
  <system-out/>
  <testcase classname="com.sgtesting.PracticeAPI.Demo1" name="deleteActivities">
    <skipped/>
  </testcase> <!-- deleteActivities -->
  <system-out/>
</testsuite> <!-- com.sgtesting.PracticeAPI.Demo1 -->
